build/app/outputs/mapping/release/mapping.txt
# compiler: R8
# compiler_version: 2.1.62
# min_api: 26
# pg_map_id: 80b8396
# common_typos_disable
...
com.baseflow.geolocator.location.FusedLocationClient$1 -> b.a.a.o.j$a:
    android.content.Context val$context -> a
    com.baseflow.geolocator.location.FusedLocationClient this$0 -> b
    void onLocationAvailability(com.google.android.gms.location.LocationAvailability) -> a
    void onLocationResult(com.google.android.gms.location.LocationResult) -> b
com.baseflow.geolocator.location.FusedLocationClient$2 -> b.a.a.o.j$b:
    int[] $SwitchMap$com$baseflow$geolocator$location$LocationAccuracy -> a
com.baseflow.geolocator.location.GeolocationManager -> b.a.a.o.k:
    java.util.List locationClients -> b
    com.baseflow.geolocator.permission.PermissionManager permissionManager -> a
    boolean onActivityResult(int,int,android.content.Intent) -> a
    com.baseflow.geolocator.location.LocationClient createLocationClient(android.content.Context,boolean,com.baseflow.geolocator.location.LocationOptions) -> b
    void getLastKnownPosition(android.content.Context,android.app.Activity,boolean,com.baseflow.geolocator.location.PositionChangedCallback,com.baseflow.geolocator.errors.ErrorCallback) -> c
    void handlePermissions(android.content.Context,android.app.Activity,java.lang.Runnable,com.baseflow.geolocator.errors.ErrorCallback) -> d
    boolean isGooglePlayServicesAvailable(android.content.Context) -> e
    void isLocationServiceEnabled(android.content.Context,com.baseflow.geolocator.location.LocationServiceListener) -> f
    void lambda$getLastKnownPosition$0(android.content.Context,boolean,com.baseflow.geolocator.location.PositionChangedCallback,com.baseflow.geolocator.errors.ErrorCallback) -> g
    void lambda$getLastKnownPosition$0$GeolocationManager(android.content.Context,boolean,com.baseflow.geolocator.location.PositionChangedCallback,com.baseflow.geolocator.errors.ErrorCallback) -> h
    void lambda$handlePermissions$2(java.lang.Runnable,com.baseflow.geolocator.errors.ErrorCallback,com.baseflow.geolocator.permission.LocationPermission) -> i
com.baseflow.geolocator.location.LocationAccuracy -> b.a.a.o.l:
    com.baseflow.geolocator.location.LocationAccuracy[] $VALUES -> g
    com.baseflow.geolocator.location.LocationAccuracy high -> d
    com.baseflow.geolocator.location.LocationAccuracy medium -> c
    com.baseflow.geolocator.location.LocationAccuracy low -> b
    com.baseflow.geolocator.location.LocationAccuracy lowest -> a
    com.baseflow.geolocator.location.LocationAccuracy bestForNavigation -> f
    com.baseflow.geolocator.location.LocationAccuracy best -> e
com.baseflow.geolocator.location.LocationAccuracyManager -> b.a.a.o.m:
    com.baseflow.geolocator.location.LocationAccuracyStatus getLocationAccuracy(android.content.Context,com.baseflow.geolocator.errors.ErrorCallback) -> a
com.baseflow.geolocator.location.LocationAccuracyStatus -> b.a.a.o.n:
    com.baseflow.geolocator.location.LocationAccuracyStatus reduced -> a
    com.baseflow.geolocator.location.LocationAccuracyStatus precise -> b
    com.baseflow.geolocator.location.LocationAccuracyStatus[] $VALUES -> c
com.baseflow.geolocator.location.LocationClient -> b.a.a.o.o:
    boolean onActivityResult(int,int) -> a
    void isLocationServiceEnabled(com.baseflow.geolocator.location.LocationServiceListener) -> b
    void startPositionUpdates(android.app.Activity,com.baseflow.geolocator.location.PositionChangedCallback,com.baseflow.geolocator.errors.ErrorCallback) -> c
    void stopPositionUpdates() -> d
    boolean checkLocationService(android.content.Context) -> e
    void getLastKnownPosition(com.baseflow.geolocator.location.PositionChangedCallback,com.baseflow.geolocator.errors.ErrorCallback) -> f