build/app/outputs/mapping/release/usage.txt
com.pandapanda.mlocator.mlocator.R$color
com.pandapanda.mlocator.mlocator.R$attr
com.pandapanda.mlocator.mlocator.R$drawable
com.pandapanda.mlocator.mlocator.R$layout
com.pandapanda.mlocator.mlocator.R$string
com.pandapanda.mlocator.mlocator.R$integer
com.pandapanda.mlocator.mlocator.R$dimen
com.pandapanda.mlocator.mlocator.R$style
com.pandapanda.mlocator.mlocator.BuildConfig
com.pandapanda.mlocator.mlocator.R
com.pandapanda.mlocator.mlocator.R$styleable
com.pandapanda.mlocator.mlocator.R$id
com.pandapanda.mlocator.mlocator.R$mipmap
...
com.google.android.gms.internal.location.zzag
kotlin.jvm.functions.Function0
kotlin.jvm.internal.PropertyReference1Impl
kotlin.collections.EmptyIterator:
    public void add(java.lang.Void)
    public void set(java.lang.Void)
com.google.android.gms.location.LocationAvailability:
    public static boolean hasLocationAvailability(android.content.Intent)
    public static com.google.android.gms.location.LocationAvailability extractLocationAvailability(android.content.Intent)
androidx.core.text.util.FindAddress
kotlin.jvm.JvmField
kotlin.jvm.functions.Function12
kotlin.ranges.UIntProgression
com.google.android.gms.common.api.internal.zaw
androidx.core.view.ActionProvider$VisibilityListener
com.google.android.gms.common.api.internal.RegistrationMethods$Builder
com.google.android.gms.maps.model.CameraPosition:
    public static final com.google.android.gms.maps.model.CameraPosition fromLatLngZoom(com.google.android.gms.maps.model.LatLng,float)
    public static com.google.android.gms.maps.model.CameraPosition$Builder builder(com.google.android.gms.maps.model.CameraPosition)
    public static com.google.android.gms.maps.model.CameraPosition createFromAttributes(android.content.Context,android.util.AttributeSet)
com.google.android.gms.auth.api.signin.zad
com.google.android.gms.common.images.ImageManager$zac
androidx.annotation.ContentView
com.google.android.gms.internal.location.zzax:
    void <init>(com.google.android.gms.common.api.internal.ListenerHolder)
    public final synchronized void release()
androidx.core.view.accessibility.AccessibilityViewCommand$MoveHtmlArguments
kotlin.coroutines.jvm.internal.CoroutineStackFrame
androidx.core.provider.FontsContractCompat$4$2
com.google.android.gms.internal.common.zze:
    public void <init>()
androidx.fragment.R$styleable
kotlin.coroutines.jvm.internal.RestrictedContinuationImpl
com.google.android.gms.maps.StreetViewPanoramaFragment
com.google.android.gms.common.ProGuardCanary
com.google.android.gms.maps.LocationSource$OnLocationChangedListener
kotlin.jvm.internal.TypeReference$asString$args$1
androidx.collection.SimpleArrayMap:
    public void <init>(androidx.collection.SimpleArrayMap)
    public void putAll(androidx.collection.SimpleArrayMap)
    private static final boolean DEBUG
    private static final java.lang.String TAG
    private static final boolean CONCURRENT_MODIFICATION_EXCEPTIONS
    private static final int BASE_SIZE
    private static final int CACHE_SIZE
androidx.core.graphics.TypefaceCompat
kotlin.contracts.ContractBuilderKt
kotlin.sequences.DropSequence
kotlin.coroutines.jvm.internal.Boxing
io.flutter.plugins.googlemaps.GoogleMapsPlugin$1
kotlin.collections.ArraysKt___ArraysKt$asIterable$$inlined$Iterable$3
androidx.viewpager.R$integer
kotlin.concurrent.ThreadsKt
io.flutter.plugins.googlemaps.GoogleMapsPlugin:
    public static void registerWith(io.flutter.plugin.common.PluginRegistry$Registrar)
    private static final java.lang.String VIEW_TYPE
io.flutter.plugin.editing.ListenableEditingState:
    private static final java.lang.String TAG
kotlin.collections.ArraysKt___ArraysJvmKt
androidx.core.text.util.LinkifyCompat$LinkifyMask
com.google.android.gms.common.images.ImageManager
com.google.android.gms.maps.model.zzq
io.flutter.plugins.sharedpreferences.R$style
androidx.core.widget.TextViewKt$doAfterTextChanged$$inlined$addTextChangedListener$1
com.google.android.gms.common.api.internal.TaskApiCall:
    private void <init>(com.google.android.gms.common.Feature[],boolean)
    public static com.google.android.gms.common.api.internal.TaskApiCall$Builder builder()
    synthetic void <init>(com.google.android.gms.common.Feature[],boolean,com.google.android.gms.common.api.internal.zaci)